<?xml version="1.0" encoding="UTF-8"?>
<testng-results ignored="0" total="2" passed="2" failed="0" skipped="0">
  <reporter-output>
  </reporter-output>
  <suite started-at="2023-08-03T14:17:51 IST" name="Default suite" finished-at="2023-08-03T14:18:06 IST" duration-ms="15289">
    <groups>
      <group name="cucumber">
        <method signature="AbstractTestNGCucumberTests.runScenario(io.cucumber.testng.PickleWrapper,io.cucumber.testng.FeatureWrapper)[pri:0, instance:TestRunner.EndToEndTest@793f29ff]" name="runScenario" class="io.cucumber.testng.AbstractTestNGCucumberTests"/>
      </group> <!-- cucumber -->
    </groups>
    <test started-at="2023-08-03T14:17:51 IST" name="Default test" finished-at="2023-08-03T14:18:06 IST" duration-ms="15289">
      <class name="TestRunner.EndToEndTest">
        <test-method is-config="true" signature="setUpClass(org.testng.ITestContext)[pri:0, instance:TestRunner.EndToEndTest@793f29ff]" started-at="2023-08-03T14:17:51 IST" name="setUpClass" finished-at="2023-08-03T14:17:52 IST" duration-ms="644" status="PASS">
          <params>
            <param index="0">
              <value>
                <![CDATA[org.testng.TestRunner@7e7f3cfd]]>
              </value>
            </param>
          </params>
          <reporter-output>
          </reporter-output>
        </test-method> <!-- setUpClass -->
        <test-method signature="runScenario(io.cucumber.testng.PickleWrapper,io.cucumber.testng.FeatureWrapper)[pri:0, instance:TestRunner.EndToEndTest@793f29ff]" started-at="2023-08-03T14:17:52 IST" name="runScenario" description="Runs Cucumber Scenarios" data-provider="scenarios" finished-at="2023-08-03T14:18:03 IST" duration-ms="10769" status="PASS">
          <params>
            <param index="0">
              <value>
                <![CDATA["Test Login Page functionality"]]>
              </value>
            </param>
            <param index="1">
              <value>
                <![CDATA["Test OrangeHRM Application"]]>
              </value>
            </param>
          </params>
          <reporter-output>
          </reporter-output>
        </test-method> <!-- runScenario -->
        <test-method signature="runScenario(io.cucumber.testng.PickleWrapper,io.cucumber.testng.FeatureWrapper)[pri:0, instance:TestRunner.EndToEndTest@793f29ff]" started-at="2023-08-03T14:18:03 IST" name="runScenario" description="Runs Cucumber Scenarios" data-provider="scenarios" finished-at="2023-08-03T14:18:06 IST" duration-ms="3755" status="PASS">
          <params>
            <param index="0">
              <value>
                <![CDATA["Test home page functionality"]]>
              </value>
            </param>
            <param index="1">
              <value>
                <![CDATA["Test OrangeHRM Application"]]>
              </value>
            </param>
          </params>
          <reporter-output>
          </reporter-output>
        </test-method> <!-- runScenario -->
        <test-method is-config="true" signature="tearDownClass()[pri:0, instance:TestRunner.EndToEndTest@793f29ff]" started-at="2023-08-03T14:18:06 IST" name="tearDownClass" finished-at="2023-08-03T14:18:06 IST" duration-ms="24" status="PASS">
          <reporter-output>
          </reporter-output>
        </test-method> <!-- tearDownClass -->
      </class> <!-- TestRunner.EndToEndTest -->
    </test> <!-- Default test -->
  </suite> <!-- Default suite -->
</testng-results>
