<?xml version="1.0" encoding="UTF-8"?>
<testng-results ignored="0" total="4" passed="3" failed="1" skipped="0">
  <reporter-output>
  </reporter-output>
  <suite started-at="2023-08-03T16:38:10 IST" name="Default suite" finished-at="2023-08-03T16:38:39 IST" duration-ms="28323">
    <groups>
      <group name="cucumber">
        <method signature="AbstractTestNGCucumberTests.runScenario(io.cucumber.testng.PickleWrapper,io.cucumber.testng.FeatureWrapper)[pri:0, instance:TestRunner.EndToEndTest@2af004b]" name="runScenario" class="io.cucumber.testng.AbstractTestNGCucumberTests"/>
      </group> <!-- cucumber -->
    </groups>
    <test started-at="2023-08-03T16:38:10 IST" name="Default test" finished-at="2023-08-03T16:38:39 IST" duration-ms="28323">
      <class name="TestRunner.EndToEndTest">
        <test-method is-config="true" signature="setUpClass(org.testng.ITestContext)[pri:0, instance:TestRunner.EndToEndTest@2af004b]" started-at="2023-08-03T16:38:10 IST" name="setUpClass" finished-at="2023-08-03T16:38:11 IST" duration-ms="449" status="PASS">
          <params>
            <param index="0">
              <value>
                <![CDATA[org.testng.TestRunner@314b9e4b]]>
              </value>
            </param>
          </params>
          <reporter-output>
          </reporter-output>
        </test-method> <!-- setUpClass -->
        <test-method signature="runScenario(io.cucumber.testng.PickleWrapper,io.cucumber.testng.FeatureWrapper)[pri:0, instance:TestRunner.EndToEndTest@2af004b]" started-at="2023-08-03T16:38:11 IST" name="runScenario" description="Runs Cucumber Scenarios" data-provider="scenarios" finished-at="2023-08-03T16:38:28 IST" duration-ms="16777" status="PASS">
          <params>
            <param index="0">
              <value>
                <![CDATA["Test Login Page functionality"]]>
              </value>
            </param>
            <param index="1">
              <value>
                <![CDATA["Test OrangeHRM Application"]]>
              </value>
            </param>
          </params>
          <reporter-output>
          </reporter-output>
        </test-method> <!-- runScenario -->
        <test-method signature="runScenario(io.cucumber.testng.PickleWrapper,io.cucumber.testng.FeatureWrapper)[pri:0, instance:TestRunner.EndToEndTest@2af004b]" started-at="2023-08-03T16:38:28 IST" name="runScenario" description="Runs Cucumber Scenarios" data-provider="scenarios" finished-at="2023-08-03T16:38:31 IST" duration-ms="2914" status="PASS">
          <params>
            <param index="0">
              <value>
                <![CDATA["Test home page functionality"]]>
              </value>
            </param>
            <param index="1">
              <value>
                <![CDATA["Test OrangeHRM Application"]]>
              </value>
            </param>
          </params>
          <reporter-output>
          </reporter-output>
        </test-method> <!-- runScenario -->
        <test-method signature="runScenario(io.cucumber.testng.PickleWrapper,io.cucumber.testng.FeatureWrapper)[pri:0, instance:TestRunner.EndToEndTest@2af004b]" started-at="2023-08-03T16:38:31 IST" name="runScenario" description="Runs Cucumber Scenarios" data-provider="scenarios" finished-at="2023-08-03T16:38:33 IST" duration-ms="2499" status="PASS">
          <params>
            <param index="0">
              <value>
                <![CDATA["Test the PIM Page Functionality"]]>
              </value>
            </param>
            <param index="1">
              <value>
                <![CDATA["Test OrangeHRM Application"]]>
              </value>
            </param>
          </params>
          <reporter-output>
          </reporter-output>
        </test-method> <!-- runScenario -->
        <test-method signature="runScenario(io.cucumber.testng.PickleWrapper,io.cucumber.testng.FeatureWrapper)[pri:0, instance:TestRunner.EndToEndTest@2af004b]" started-at="2023-08-03T16:38:33 IST" name="runScenario" description="Runs Cucumber Scenarios" data-provider="scenarios" finished-at="2023-08-03T16:38:39 IST" duration-ms="5583" status="FAIL">
          <params>
            <param index="0">
              <value>
                <![CDATA["Test the UserPersonalDetails Page Functionality"]]>
              </value>
            </param>
            <param index="1">
              <value>
                <![CDATA["Test OrangeHRM Application"]]>
              </value>
            </param>
          </params>
          <exception class="org.openqa.selenium.ElementClickInterceptedException">
            <message>
              <![CDATA[element click intercepted: Element <button type="submit" class="oxd-button oxd-button--medium oxd-button--secondary orangehrm-left-space" data-v-10d463b7="" data-v-b6d78ace="">...</button> is not clickable at point (1235, 591). Other element would receive the click: <div class="orangehrm-horizontal-padding orangehrm-vertical-padding" data-v-b6d78ace="">...</div>
  (Session info: chrome=115.0.5790.110)
Build info: version: '4.9.0', revision: 'd7057100a6'
System info: os.name: 'Windows 10', os.arch: 'amd64', os.version: '10.0', java.version: '17.0.7'
Driver info: org.openqa.selenium.chrome.ChromeDriver
Command: [655ac339f8646095ee54e33ada990fbd, clickElement {id=AF5EF72EA0CF98FD19443DED26981B61_element_61}]
Capabilities {acceptInsecureCerts: false, browserName: chrome, browserVersion: 115.0.5790.110, chrome: {chromedriverVersion: 114.0.5735.90 (386bc09e8f4f..., userDataDir: C:\Users\HP\AppData\Local\T...}, goog:chromeOptions: {debuggerAddress: localhost:60414}, networkConnectionEnabled: false, pageLoadStrategy: normal, platformName: WINDOWS, proxy: Proxy(), se:cdp: ws://localhost:60414/devtoo..., se:cdpVersion: 115.0.5790.110, setWindowRect: true, strictFileInteractability: false, timeouts: {implicit: 0, pageLoad: 300000, script: 30000}, unhandledPromptBehavior: dismiss and notify, webauthn:extension:credBlob: true, webauthn:extension:largeBlob: true, webauthn:extension:minPinLength: true, webauthn:extension:prf: true, webauthn:virtualAuthenticators: true}
Element: [[ChromeDriver: chrome on WINDOWS (655ac339f8646095ee54e33ada990fbd)] -> xpath: (//button[text()=' Save '])[1]]
Session ID: 655ac339f8646095ee54e33ada990fbd]]>
            </message>
            <full-stacktrace>
              <![CDATA[org.openqa.selenium.ElementClickInterceptedException: element click intercepted: Element <button type="submit" class="oxd-button oxd-button--medium oxd-button--secondary orangehrm-left-space" data-v-10d463b7="" data-v-b6d78ace="">...</button> is not clickable at point (1235, 591). Other element would receive the click: <div class="orangehrm-horizontal-padding orangehrm-vertical-padding" data-v-b6d78ace="">...</div>
  (Session info: chrome=115.0.5790.110)
Build info: version: '4.9.0', revision: 'd7057100a6'
System info: os.name: 'Windows 10', os.arch: 'amd64', os.version: '10.0', java.version: '17.0.7'
Driver info: org.openqa.selenium.chrome.ChromeDriver
Command: [655ac339f8646095ee54e33ada990fbd, clickElement {id=AF5EF72EA0CF98FD19443DED26981B61_element_61}]
Capabilities {acceptInsecureCerts: false, browserName: chrome, browserVersion: 115.0.5790.110, chrome: {chromedriverVersion: 114.0.5735.90 (386bc09e8f4f..., userDataDir: C:\Users\HP\AppData\Local\T...}, goog:chromeOptions: {debuggerAddress: localhost:60414}, networkConnectionEnabled: false, pageLoadStrategy: normal, platformName: WINDOWS, proxy: Proxy(), se:cdp: ws://localhost:60414/devtoo..., se:cdpVersion: 115.0.5790.110, setWindowRect: true, strictFileInteractability: false, timeouts: {implicit: 0, pageLoad: 300000, script: 30000}, unhandledPromptBehavior: dismiss and notify, webauthn:extension:credBlob: true, webauthn:extension:largeBlob: true, webauthn:extension:minPinLength: true, webauthn:extension:prf: true, webauthn:virtualAuthenticators: true}
Element: [[ChromeDriver: chrome on WINDOWS (655ac339f8646095ee54e33ada990fbd)] -> xpath: (//button[text()=' Save '])[1]]
Session ID: 655ac339f8646095ee54e33ada990fbd
at java.base/jdk.internal.reflect.NativeConstructorAccessorImpl.newInstance0(Native Method)
at java.base/jdk.internal.reflect.NativeConstructorAccessorImpl.newInstance(NativeConstructorAccessorImpl.java:77)
at java.base/jdk.internal.reflect.DelegatingConstructorAccessorImpl.newInstance(DelegatingConstructorAccessorImpl.java:45)
at java.base/java.lang.reflect.Constructor.newInstanceWithCaller(Constructor.java:499)
at java.base/java.lang.reflect.Constructor.newInstance(Constructor.java:480)
at org.openqa.selenium.remote.codec.w3c.W3CHttpResponseCodec.createException(W3CHttpResponseCodec.java:200)
at org.openqa.selenium.remote.codec.w3c.W3CHttpResponseCodec.decode(W3CHttpResponseCodec.java:133)
at org.openqa.selenium.remote.codec.w3c.W3CHttpResponseCodec.decode(W3CHttpResponseCodec.java:53)
at org.openqa.selenium.remote.HttpCommandExecutor.execute(HttpCommandExecutor.java:193)
at org.openqa.selenium.remote.service.DriverCommandExecutor.invokeExecute(DriverCommandExecutor.java:183)
at org.openqa.selenium.remote.service.DriverCommandExecutor.execute(DriverCommandExecutor.java:158)
at org.openqa.selenium.remote.RemoteWebDriver.execute(RemoteWebDriver.java:543)
at org.openqa.selenium.remote.RemoteWebElement.execute(RemoteWebElement.java:257)
at org.openqa.selenium.remote.RemoteWebElement.click(RemoteWebElement.java:78)
at java.base/jdk.internal.reflect.NativeMethodAccessorImpl.invoke0(Native Method)
at java.base/jdk.internal.reflect.NativeMethodAccessorImpl.invoke(NativeMethodAccessorImpl.java:77)
at java.base/jdk.internal.reflect.DelegatingMethodAccessorImpl.invoke(DelegatingMethodAccessorImpl.java:43)
at java.base/java.lang.reflect.Method.invoke(Method.java:568)
at org.openqa.selenium.support.pagefactory.internal.LocatingElementHandler.invoke(LocatingElementHandler.java:52)
at jdk.proxy2/jdk.proxy2.$Proxy25.click(Unknown Source)
at com.UtilsLayer.UtilsClass.click(UtilsClass.java:17)
at com.PageLayer.UserPersonalDetailsPage.clickOnSave(UserPersonalDetailsPage.java:37)
at StepDefinition.USerPersonalDetailsStepDef.click_on_save_button(USerPersonalDetailsStepDef.java:21)
at ✽.click on Save Button(file:///C:/Users/HP/git/OrangeHRMTest/AllFeature/TC_001_Login.feature:26)
]]>
            </full-stacktrace>
          </exception> <!-- org.openqa.selenium.ElementClickInterceptedException -->
          <reporter-output>
          </reporter-output>
        </test-method> <!-- runScenario -->
        <test-method is-config="true" signature="tearDownClass()[pri:0, instance:TestRunner.EndToEndTest@2af004b]" started-at="2023-08-03T16:38:39 IST" name="tearDownClass" finished-at="2023-08-03T16:38:39 IST" duration-ms="20" status="PASS">
          <reporter-output>
          </reporter-output>
        </test-method> <!-- tearDownClass -->
      </class> <!-- TestRunner.EndToEndTest -->
    </test> <!-- Default test -->
  </suite> <!-- Default suite -->
</testng-results>
